
Showing logs for build [32mcb-kubecd-environment-pr-187-9-bhk29-1[0m stage [32mfrom-build-pack[0m and container [32mstep-credential-initializer-k5cc4[0m
{"level":"warn","ts":1584772046.3134046,"logger":"fallback-logger","caller":"logging/config.go:69","msg":"Fetch GitHub commit ID from kodata failed: \"ref: refs/heads/0.8.0-**-support-backwards-incompats\" is not a valid GitHub commit ID"}
{"level":"info","ts":1584772046.314708,"logger":"fallback-logger","caller":"creds-init/main.go:40","msg":"Credentials initialized."}

Showing logs for build [32mcb-kubecd-environment-pr-187-9-bhk29-1[0m stage [32mfrom-build-pack[0m and container [32mstep-working-dir-initializer-rz5kf[0m
{"level":"warn","ts":1584772047.2065947,"logger":"fallback-logger","caller":"logging/config.go:69","msg":"Fetch GitHub commit ID from kodata failed: open /var/run/ko/HEAD: no such file or directory"}
{"level":"info","ts":1584772047.2127228,"logger":"fallback-logger","caller":"bash/main.go:64","msg":"Successfully executed command \"sh -c mkdir -p /workspace/source\"; output "}

Showing logs for build [32mcb-kubecd-environment-pr-187-9-bhk29-1[0m stage [32mfrom-build-pack[0m and container [32mstep-place-tools[0m

Showing logs for build [32mcb-kubecd-environment-pr-187-9-bhk29-1[0m stage [32mfrom-build-pack[0m and container [32mstep-git-source-cb-kubecd-environment-pr-187-9-bhk29-q5trb[0m
{"level":"warn","ts":1584772052.7761228,"logger":"fallback-logger","caller":"logging/config.go:69","msg":"Fetch GitHub commit ID from kodata failed: \"ref: refs/heads/0.8.0-**-support-backwards-incompats\" is not a valid GitHub commit ID"}
{"level":"info","ts":1584772053.920585,"logger":"fallback-logger","caller":"git/git.go:103","msg":"Successfully cloned https://github.com/cb-kubecd/environment-pr-187-9-boot-gke-staging.git @ master in path /workspace/source"}

Showing logs for build [32mcb-kubecd-environment-pr-187-9-bhk29-1[0m stage [32mfrom-build-pack[0m and container [32mstep-git-merge[0m
Using SHAs from PULL_REFS=master:57106c3b4f289006c9600abe5158fed2cbd9cf0c,1:ffa6cc9c6c5426a3b761cfe343fbe1ad4763ce66
DEBUG: LC_ALL=C JX_LOG_LEVEL=error git fetch origin --unshallow ffa6cc9c6c5426a3b761cfe343fbe1ad4763ce66: 57106c3b4f289006c9600abe5158fed2cbd9cf0c:
DEBUG: ran git fetch --unshallow origin ffa6cc9c6c5426a3b761cfe343fbe1ad4763ce66: 57106c3b4f289006c9600abe5158fed2cbd9cf0c: in 
DEBUG: LC_ALL=C JX_LOG_LEVEL=error git branch
DEBUG: LC_ALL=C JX_LOG_LEVEL=error git checkout master
DEBUG: ran git checkout master in 
DEBUG: LC_ALL=C JX_LOG_LEVEL=error git reset --hard 57106c3b4f289006c9600abe5158fed2cbd9cf0c
DEBUG: ran git reset --hard 57106c3b4f289006c9600abe5158fed2cbd9cf0c in 
DEBUG: LC_ALL=C JX_LOG_LEVEL=error git clean -fd .
DEBUG: ran clean --force -d . in 
DEBUG: LC_ALL=C JX_LOG_LEVEL=error git merge ffa6cc9c6c5426a3b761cfe343fbe1ad4763ce66
DEBUG: ran git merge ffa6cc9c6c5426a3b761cfe343fbe1ad4763ce66 in 
DEBUG: LC_ALL=C JX_LOG_LEVEL=error git log --format=%H%x1f%an%x1f%ae%x1f%cn%x1f%ce%x1f%s%n%b%x1e 57106c3b4f289006c9600abe5158fed2cbd9cf0c..HEAD
Merged SHA ffa6cc9c6c5426a3b761cfe343fbe1ad4763ce66 with commit message 'chore: Promote bdd-spring-1584771687 to version 0.0.1' into base branch master

Showing logs for build [32mcb-kubecd-environment-pr-187-9-bhk29-1[0m stage [32mfrom-build-pack[0m and container [32mstep-build-helm-build[0m
WARNING: No $CHART_REPOSITORY defined so using the default value of: http://jenkins-x-chartmuseum:8080
Adding missing Helm repo: storage.googleapis.com https://storage.googleapis.com/chartmuseum.jenkins-x.io
WARNING: No secrets found on "helm/repos" due: reading the secret "helm/repos" from vault: no secret "helm/repos" not found in vault
Read credentials for https://storage.googleapis.com/chartmuseum.jenkins-x.io from vault helm/repos
Successfully added Helm repository storage.googleapis.com.
Adding missing Helm repo: jenkins-x-chartmuseum http://jenkins-x-chartmuseum:8080
WARNING: No secrets found on "helm/repos" due: reading the secret "helm/repos" from vault: no secret "helm/repos" not found in vault
Read credentials for http://jenkins-x-chartmuseum:8080 from vault helm/repos
Successfully added Helm repository jenkins-x-chartmuseum.
WARNING: No $CHART_REPOSITORY defined so using the default value of: http://jenkins-x-chartmuseum:8080
Adding missing Helm repo: chartmuseum.jenkins-x.io http://chartmuseum.jenkins-x.io
WARNING: No secrets found on "helm/repos" due: reading the secret "helm/repos" from vault: no secret "helm/repos" not found in vault
Read credentials for http://chartmuseum.jenkins-x.io from vault helm/repos
Successfully added Helm repository chartmuseum.jenkins-x.io.
